mode: atomic
github.com/TikTokTechImmersion/assignment_demo_2023/rpc-server/handler.go:15.100,16.49 1 0
github.com/TikTokTechImmersion/assignment_demo_2023/rpc-server/handler.go:16.49,18.3 1 0
github.com/TikTokTechImmersion/assignment_demo_2023/rpc-server/handler.go:20.2,28.16 4 0
github.com/TikTokTechImmersion/assignment_demo_2023/rpc-server/handler.go:28.16,30.3 1 0
github.com/TikTokTechImmersion/assignment_demo_2023/rpc-server/handler.go:32.2,33.16 2 0
github.com/TikTokTechImmersion/assignment_demo_2023/rpc-server/handler.go:33.16,35.3 1 0
github.com/TikTokTechImmersion/assignment_demo_2023/rpc-server/handler.go:37.2,39.18 3 0
github.com/TikTokTechImmersion/assignment_demo_2023/rpc-server/handler.go:42.100,44.16 2 0
github.com/TikTokTechImmersion/assignment_demo_2023/rpc-server/handler.go:44.16,46.3 1 0
github.com/TikTokTechImmersion/assignment_demo_2023/rpc-server/handler.go:48.2,49.16 2 0
github.com/TikTokTechImmersion/assignment_demo_2023/rpc-server/handler.go:49.16,51.3 1 0
github.com/TikTokTechImmersion/assignment_demo_2023/rpc-server/handler.go:52.2,56.16 4 0
github.com/TikTokTechImmersion/assignment_demo_2023/rpc-server/handler.go:56.16,58.3 1 0
github.com/TikTokTechImmersion/assignment_demo_2023/rpc-server/handler.go:60.2,64.31 5 0
github.com/TikTokTechImmersion/assignment_demo_2023/rpc-server/handler.go:64.31,65.24 1 0
github.com/TikTokTechImmersion/assignment_demo_2023/rpc-server/handler.go:65.24,69.9 3 0
github.com/TikTokTechImmersion/assignment_demo_2023/rpc-server/handler.go:71.3,78.15 3 0
github.com/TikTokTechImmersion/assignment_demo_2023/rpc-server/handler.go:81.2,88.18 7 0
github.com/TikTokTechImmersion/assignment_demo_2023/rpc-server/handler.go:91.54,93.23 2 0
github.com/TikTokTechImmersion/assignment_demo_2023/rpc-server/handler.go:93.23,96.3 2 0
github.com/TikTokTechImmersion/assignment_demo_2023/rpc-server/handler.go:97.2,99.78 2 0
github.com/TikTokTechImmersion/assignment_demo_2023/rpc-server/handler.go:99.78,102.3 2 0
github.com/TikTokTechImmersion/assignment_demo_2023/rpc-server/handler.go:104.2,104.12 1 0
github.com/TikTokTechImmersion/assignment_demo_2023/rpc-server/handler.go:107.45,112.23 4 0
github.com/TikTokTechImmersion/assignment_demo_2023/rpc-server/handler.go:112.23,115.3 2 0
github.com/TikTokTechImmersion/assignment_demo_2023/rpc-server/handler.go:117.2,119.58 2 0
github.com/TikTokTechImmersion/assignment_demo_2023/rpc-server/handler.go:119.58,121.3 1 0
github.com/TikTokTechImmersion/assignment_demo_2023/rpc-server/handler.go:121.8,123.3 1 0
github.com/TikTokTechImmersion/assignment_demo_2023/rpc-server/handler.go:125.2,125.20 1 0
github.com/TikTokTechImmersion/assignment_demo_2023/rpc-server/main.go:18.13,22.16 3 0
github.com/TikTokTechImmersion/assignment_demo_2023/rpc-server/main.go:22.16,25.3 2 0
github.com/TikTokTechImmersion/assignment_demo_2023/rpc-server/main.go:26.2,27.16 2 0
github.com/TikTokTechImmersion/assignment_demo_2023/rpc-server/main.go:27.16,29.3 1 0
github.com/TikTokTechImmersion/assignment_demo_2023/rpc-server/main.go:31.2,36.16 3 0
github.com/TikTokTechImmersion/assignment_demo_2023/rpc-server/main.go:36.16,38.3 1 0
github.com/TikTokTechImmersion/assignment_demo_2023/rpc-server/redis.go:14.87,22.42 2 0
github.com/TikTokTechImmersion/assignment_demo_2023/rpc-server/redis.go:22.42,24.3 1 0
github.com/TikTokTechImmersion/assignment_demo_2023/rpc-server/redis.go:26.2,27.12 2 0
github.com/TikTokTechImmersion/assignment_demo_2023/rpc-server/redis.go:30.95,33.16 2 0
github.com/TikTokTechImmersion/assignment_demo_2023/rpc-server/redis.go:33.16,35.3 1 0
github.com/TikTokTechImmersion/assignment_demo_2023/rpc-server/redis.go:37.2,43.16 3 0
github.com/TikTokTechImmersion/assignment_demo_2023/rpc-server/redis.go:43.16,45.3 1 0
github.com/TikTokTechImmersion/assignment_demo_2023/rpc-server/redis.go:47.2,47.12 1 0
github.com/TikTokTechImmersion/assignment_demo_2023/rpc-server/redis.go:50.131,57.13 2 0
github.com/TikTokTechImmersion/assignment_demo_2023/rpc-server/redis.go:57.13,60.17 2 0
github.com/TikTokTechImmersion/assignment_demo_2023/rpc-server/redis.go:60.17,62.4 1 0
github.com/TikTokTechImmersion/assignment_demo_2023/rpc-server/redis.go:63.8,66.17 2 0
github.com/TikTokTechImmersion/assignment_demo_2023/rpc-server/redis.go:66.17,68.4 1 0
github.com/TikTokTechImmersion/assignment_demo_2023/rpc-server/redis.go:71.2,71.34 1 0
github.com/TikTokTechImmersion/assignment_demo_2023/rpc-server/redis.go:71.34,74.17 3 0
github.com/TikTokTechImmersion/assignment_demo_2023/rpc-server/redis.go:74.17,76.4 1 0
github.com/TikTokTechImmersion/assignment_demo_2023/rpc-server/redis.go:77.3,77.36 1 0
github.com/TikTokTechImmersion/assignment_demo_2023/rpc-server/redis.go:80.2,80.22 1 0
